[    0.000000] Linux version 4.15.0-194-generic (buildd@lcy02-amd64-052) (gcc version 7.5.0 (Ubuntu 7.5.0-3ubuntu1~18.04)) #205-Ubuntu SMP Fri Sep 16 19:49:27 UTC 2022 (Ubuntu 4.15.0-194.205-generic 4.15.18)
[    0.000000] Command line: BOOT_IMAGE=/boot/vmlinuz-4.15.0-194-generic root=LABEL=cloudimg-rootfs ro console=tty1 console=ttyS0
[    0.000000] KERNEL supported cpus:
[    0.000000]   Intel GenuineIntel
[    0.000000]   AMD AuthenticAMD
[    0.000000]   Centaur CentaurHauls
[    0.000000] x86/fpu: Supporting XSAVE feature 0x001: 'x87 floating point registers'
[    0.000000] x86/fpu: Supporting XSAVE feature 0x002: 'SSE registers'
[    0.000000] x86/fpu: Supporting XSAVE feature 0x004: 'AVX registers'
[    0.000000] x86/fpu: xstate_offset[2]:  576, xstate_sizes[2]:  256
[    0.000000] x86/fpu: Enabled xstate features 0x7, context size is 832 bytes, using 'standard' format.
[    0.000000] e820: BIOS-provided physical RAM map:
[    0.000000] BIOS-e820: [mem 0x0000000000000000-0x000000000009fbff] usable
[    0.000000] BIOS-e820: [mem 0x000000000009fc00-0x000000000009ffff] reserved
[    0.000000] BIOS-e820: [mem 0x00000000000f0000-0x00000000000fffff] reserved
[    0.000000] BIOS-e820: [mem 0x0000000000100000-0x000000003ffeffff] usable
[    0.000000] BIOS-e820: [mem 0x000000003fff0000-0x000000003fffffff] ACPI data
[    0.000000] BIOS-e820: [mem 0x00000000fec00000-0x00000000fec00fff] reserved
[    0.000000] BIOS-e820: [mem 0x00000000fee00000-0x00000000fee00fff] reserved
[    0.000000] BIOS-e820: [mem 0x00000000fffc0000-0x00000000ffffffff] reserved
[    0.000000] NX (Execute Disable) protection: active
[    0.000000] SMBIOS 2.5 present.
[    0.000000] DMI: innotek GmbH VirtualBox/VirtualBox, BIOS VirtualBox 12/01/2006
[    0.000000] Hypervisor detected: KVM
[    0.000000] e820: last_pfn = 0x3fff0 max_arch_pfn = 0x400000000
[    0.000000] MTRR: Disabled
[    0.000000] x86/PAT: MTRRs disabled, skipping PAT initialization too.
[    0.000000] CPU MTRRs all blank - virtualized system.
[    0.000000] x86/PAT: Configuration [0-7]: WB  WT  UC- UC  WB  WT  UC- UC  
[    0.000000] found SMP MP-table at [mem 0x0009fff0-0x0009ffff]
[    0.000000] Scanning 1 areas for low memory corruption
[    0.000000] RAMDISK: [mem 0x359cb000-0x36cdcfff]
[    0.000000] ACPI: Early table checksum verification disabled
[    0.000000] ACPI: RSDP 0x00000000000E0000 000024 (v02 VBOX  )
[    0.000000] ACPI: XSDT 0x000000003FFF0030 00003C (v01 VBOX   VBOXXSDT 00000001 ASL  00000061)
[    0.000000] ACPI: FACP 0x000000003FFF00F0 0000F4 (v04 VBOX   VBOXFACP 00000001 ASL  00000061)
[    0.000000] ACPI: DSDT 0x000000003FFF0470 002325 (v02 VBOX   VBOXBIOS 00000002 INTL 20120111)
[    0.000000] ACPI: FACS 0x000000003FFF0200 000040
[    0.000000] ACPI: FACS 0x000000003FFF0200 000040
[    0.000000] ACPI: APIC 0x000000003FFF0240 00005C (v02 VBOX   VBOXAPIC 00000001 ASL  00000061)
[    0.000000] ACPI: SSDT 0x000000003FFF02A0 0001CC (v01 VBOX   VBOXCPUT 00000002 INTL 20120111)
[    0.000000] ACPI: Reserving FACP table memory at [mem 0x3fff00f0-0x3fff01e3]
[    0.000000] ACPI: Reserving DSDT table memory at [mem 0x3fff0470-0x3fff2794]
[    0.000000] ACPI: Reserving FACS table memory at [mem 0x3fff0200-0x3fff023f]
[    0.000000] ACPI: Reserving FACS table memory at [mem 0x3fff0200-0x3fff023f]
[    0.000000] ACPI: Reserving APIC table memory at [mem 0x3fff0240-0x3fff029b]
[    0.000000] ACPI: Reserving SSDT table memory at [mem 0x3fff02a0-0x3fff046b]
[    0.000000] No NUMA configuration found
[    0.000000] Faking a node at [mem 0x0000000000000000-0x000000003ffeffff]
[    0.000000] NODE_DATA(0) allocated [mem 0x3ffc5000-0x3ffeffff]
[    0.000000] kvm-clock: cpu 0, msr 0:3ff44001, primary cpu clock
[    0.000000] kvm-clock: Using msrs 4b564d01 and 4b564d00
[    0.000000] kvm-clock: using sched offset of 6342935328 cycles
[    0.000000] clocksource: kvm-clock: mask: 0xffffffffffffffff max_cycles: 0x1cd42e4dffb, max_idle_ns: 881590591483 ns
[    0.000000] Zone ranges:
[    0.000000]   DMA      [mem 0x0000000000001000-0x0000000000ffffff]
[    0.000000]   DMA32    [mem 0x0000000001000000-0x000000003ffeffff]
[    0.000000]   Normal   empty
[    0.000000]   Device   empty
[    0.000000] Movable zone start for each node
[    0.000000] Early memory node ranges
[    0.000000]   node   0: [mem 0x0000000000001000-0x000000000009efff]
[    0.000000]   node   0: [mem 0x0000000000100000-0x000000003ffeffff]
[    0.000000] Reserved but unavailable: 104 pages
[    0.000000] Initmem setup node 0 [mem 0x0000000000001000-0x000000003ffeffff]
[    0.000000] ACPI: PM-Timer IO Port: 0x4008
[    0.000000] IOAPIC[0]: apic_id 2, version 32, address 0xfec00000, GSI 0-23
[    0.000000] ACPI: INT_SRC_OVR (bus 0 bus_irq 0 global_irq 2 dfl dfl)
[    0.000000] ACPI: INT_SRC_OVR (bus 0 bus_irq 9 global_irq 9 low level)
[    0.000000] Using ACPI (MADT) for SMP configuration information
[    0.000000] smpboot: Allowing 2 CPUs, 0 hotplug CPUs
[    0.000000] PM: Registered nosave memory: [mem 0x00000000-0x00000fff]
[    0.000000] PM: Registered nosave memory: [mem 0x0009f000-0x0009ffff]
[    0.000000] PM: Registered nosave memory: [mem 0x000a0000-0x000effff]
[    0.000000] PM: Registered nosave memory: [mem 0x000f0000-0x000fffff]
[    0.000000] e820: [mem 0x40000000-0xfebfffff] available for PCI devices
[    0.000000] Booting paravirtualized kernel on KVM
[    0.000000] clocksource: refined-jiffies: mask: 0xffffffff max_cycles: 0xffffffff, max_idle_ns: 7645519600211568 ns
[    0.000000] setup_percpu: NR_CPUS:8192 nr_cpumask_bits:2 nr_cpu_ids:2 nr_node_ids:1
[    0.000000] percpu: Embedded 50 pages/cpu s167936 r8192 d28672 u1048576
[    0.000000] PV qspinlock hash table entries: 256 (order: 0, 4096 bytes)
[    0.000000] Built 1 zonelists, mobility grouping on.  Total pages: 257913
[    0.000000] Policy zone: DMA32
[    0.000000] Kernel command line: BOOT_IMAGE=/boot/vmlinuz-4.15.0-194-generic root=LABEL=cloudimg-rootfs ro console=tty1 console=ttyS0
[    0.000000] Memory: 982652K/1048120K available (12300K kernel code, 2477K rwdata, 4320K rodata, 2472K init, 2720K bss, 65468K reserved, 0K cma-reserved)
[    0.000000] SLUB: HWalign=64, Order=0-3, MinObjects=0, CPUs=2, Nodes=1
[    0.000000] Kernel/User page tables isolation: enabled
[    0.000000] ftrace: allocating 39477 entries in 155 pages
[    0.004000] Hierarchical RCU implementation.
[    0.004000] 	RCU restricting CPUs from NR_CPUS=8192 to nr_cpu_ids=2.
[    0.004000] 	Tasks RCU enabled.
[    0.004000] RCU: Adjusting geometry for rcu_fanout_leaf=16, nr_cpu_ids=2
[    0.004000] NR_IRQS: 524544, nr_irqs: 440, preallocated irqs: 16
[    0.004000] random: crng init done
[    0.004000] Console: colour VGA+ 80x25
[    0.004000] console [tty1] enabled
[    0.004000] console [ttyS0] enabled
[    0.004000] ACPI: Core revision 20170831
[    0.004000] ACPI: 2 ACPI AML tables successfully acquired and loaded
[    0.004000] APIC: Switch to symmetric I/O mode setup
[    0.004000] x2apic enabled
[    0.004009] Switched APIC routing to physical x2apic.
[    0.011279] ..TIMER: vector=0x30 apic1=0 pin1=2 apic2=-1 pin2=-1
[    0.012006] tsc: Detected 1991.999 MHz processor
[    0.016013] Calibrating delay loop (skipped) preset value.. 3983.99 BogoMIPS (lpj=7967996)
[    0.020007] pid_max: default: 32768 minimum: 301
[    0.024042] Security Framework initialized
[    0.026834] Yama: becoming mindful.
[    0.028034] AppArmor: AppArmor initialized
[    0.032048] Dentry cache hash table entries: 131072 (order: 8, 1048576 bytes)
[    0.036067] Inode-cache hash table entries: 65536 (order: 7, 524288 bytes)
[    0.040023] Mount-cache hash table entries: 2048 (order: 2, 16384 bytes)
[    0.044015] Mountpoint-cache hash table entries: 2048 (order: 2, 16384 bytes)
[    0.048299] Last level iTLB entries: 4KB 64, 2MB 8, 4MB 8
[    0.052007] Last level dTLB entries: 4KB 64, 2MB 0, 4MB 0, 1GB 4
[    0.060008] Spectre V1 : Mitigation: usercopy/swapgs barriers and __user pointer sanitization
[    0.064007] Spectre V2 : Mitigation: Retpolines
[    0.068006] Spectre V2 : Spectre v2 / SpectreRSB mitigation: Filling RSB on context switch
[    0.072006] Speculative Store Bypass: Vulnerable
[    0.076116] MDS: Mitigation: Clear CPU buffers
[    0.080007] MMIO Stale Data: Mitigation: Clear CPU buffers
[    0.084010] SRBDS: Unknown: Dependent on hypervisor status
[    0.088194] Freeing SMP alternatives memory: 36K
[    0.200992] smpboot: CPU0: Intel(R) Core(TM) i5-6360U CPU @ 2.00GHz (family: 0x6, model: 0x4e, stepping: 0x3)
[    0.204339] Performance Events: unsupported p6 CPU model 78 no PMU driver, software events only.
[    0.208075] Hierarchical SRCU implementation.
[    0.216500] NMI watchdog: Perf event create on CPU 0 failed with -2
[    0.219606] NMI watchdog: Perf NMI watchdog permanently disabled
[    0.220069] smp: Bringing up secondary CPUs ...
[    0.224115] x86: Booting SMP configuration:
[    0.228006] .... node  #0, CPUs:      #1
[    0.004000] kvm-clock: cpu 1, msr 0:3ff44041, secondary cpu clock
[    0.238017] smp: Brought up 1 node, 2 CPUs
[    0.240010] smpboot: Max logical packages: 1
[    0.244009] smpboot: Total of 2 processors activated (7967.99 BogoMIPS)
[    0.248200] devtmpfs: initialized
[    0.252071] x86/mm: Memory block size: 128MB
[    0.260250] evm: security.selinux
[    0.263268] evm: security.SMACK64
[    0.264007] evm: security.SMACK64EXEC
[    0.268006] evm: security.SMACK64TRANSMUTE
[    0.276008] evm: security.SMACK64MMAP
[    0.280005] evm: security.apparmor
[    0.284006] evm: security.ima
[    0.288004] evm: security.capability
[    0.296141] clocksource: jiffies: mask: 0xffffffff max_cycles: 0xffffffff, max_idle_ns: 7645041785100000 ns
[    0.308017] futex hash table entries: 512 (order: 3, 32768 bytes)
[    0.320064] pinctrl core: initialized pinctrl subsystem
[    0.332121] RTC time:  8:53:52, date: 10/21/22
[    0.341010] NET: Registered protocol family 16
[    0.352101] audit: initializing netlink subsys (disabled)
[    0.360134] audit: type=2000 audit(1666342437.178:1): state=initialized audit_enabled=0 res=1
[    0.364011] cpuidle: using governor ladder
[    0.368018] cpuidle: using governor menu
[    0.376064] ACPI: bus type PCI registered
[    0.380006] acpiphp: ACPI Hot Plug PCI Controller Driver version: 0.5
[    0.392176] PCI: Using configuration type 1 for base access
[    0.408760] HugeTLB registered 2.00 MiB page size, pre-allocated 0 pages
[    0.424309] ACPI: Added _OSI(Module Device)
[    0.432011] ACPI: Added _OSI(Processor Device)
[    0.440007] ACPI: Added _OSI(3.0 _SCP Extensions)
[    0.448007] ACPI: Added _OSI(Processor Aggregator Device)
[    0.460007] ACPI: Added _OSI(Linux-Dell-Video)
[    0.468034] ACPI: Added _OSI(Linux-Lenovo-NV-HDMI-Audio)
[    0.480008] ACPI: Added _OSI(Linux-HPI-Hybrid-Graphics)
[    0.492635] ACPI: Executed 1 blocks of module-level executable AML code
[    0.532893] ACPI: Interpreter enabled
[    0.548027] ACPI: (supports S0 S5)
[    0.564006] ACPI: Using IOAPIC for interrupt routing
[    0.592608] PCI: Using host bridge windows from ACPI; if necessary, use "pci=nocrs" and report a bug
[    0.632301] ACPI: Enabled 2 GPEs in block 00 to 07
[    0.668501] ACPI: PCI Root Bridge [PCI0] (domain 0000 [bus 00-ff])
[    0.684017] acpi PNP0A03:00: _OSC: OS supports [ASPM ClockPM Segments MSI]
[    0.704220] acpi PNP0A03:00: _OSC: not requesting OS control; OS requires [ExtendedConfig ASPM ClockPM MSI]
[    0.744024] acpi PNP0A03:00: fail to add MMCONFIG information, can't access extended PCI configuration space under this bridge.
[    0.792722] PCI host bridge to bus 0000:00
[    0.800009] pci_bus 0000:00: root bus resource [io  0x0000-0x0cf7 window]
[    0.820009] pci_bus 0000:00: root bus resource [io  0x0d00-0xffff window]
[    0.848009] pci_bus 0000:00: root bus resource [mem 0x000a0000-0x000bffff window]
[    0.868009] pci_bus 0000:00: root bus resource [mem 0x40000000-0xfdffffff window]
[    0.880009] pci_bus 0000:00: root bus resource [bus 00-ff]
[    0.917222] pci 0000:00:01.1: legacy IDE quirk: reg 0x10: [io  0x01f0-0x01f7]
[    0.944010] pci 0000:00:01.1: legacy IDE quirk: reg 0x14: [io  0x03f6]
[    0.960009] pci 0000:00:01.1: legacy IDE quirk: reg 0x18: [io  0x0170-0x0177]
[    0.980009] pci 0000:00:01.1: legacy IDE quirk: reg 0x1c: [io  0x0376]
[    1.037115] pci 0000:00:07.0: quirk: [io  0x4000-0x403f] claimed by PIIX4 ACPI
[    1.056033] pci 0000:00:07.0: quirk: [io  0x4100-0x410f] claimed by PIIX4 SMB
[    1.111340] ACPI: PCI Interrupt Link [LNKA] (IRQs 5 9 10 *11)
[    1.128700] ACPI: PCI Interrupt Link [LNKB] (IRQs 5 9 *10 11)
[    1.244791] ACPI: PCI Interrupt Link [LNKC] (IRQs 5 *9 10 11)
[    1.264519] ACPI: PCI Interrupt Link [LNKD] (IRQs 5 9 10 *11)
[    1.284692] SCSI subsystem initialized
[    1.300141] pci 0000:00:02.0: vgaarb: setting as boot VGA device
[    1.304000] pci 0000:00:02.0: vgaarb: VGA device added: decodes=io+mem,owns=io+mem,locks=none
[    1.380015] pci 0000:00:02.0: vgaarb: bridge control possible
[    1.400006] vgaarb: loaded
[    1.420056] ACPI: bus type USB registered
[    1.432141] usbcore: registered new interface driver usbfs
[    1.440025] usbcore: registered new interface driver hub
[    1.452028] usbcore: registered new device driver usb
[    1.468025] EDAC MC: Ver: 3.0.0
[    1.472434] PCI: Using ACPI for IRQ routing
[    1.484474] NetLabel: Initializing
[    1.496005] NetLabel:  domain hash size = 128
[    1.508008] NetLabel:  protocols = UNLABELED CIPSOv4 CALIPSO
[    1.536049] NetLabel:  unlabeled traffic allowed by default
[    1.553437] clocksource: Switched to clocksource kvm-clock
[    1.619965] VFS: Disk quotas dquot_6.6.0
[    1.683186] VFS: Dquot-cache hash table entries: 512 (order 0, 4096 bytes)
[    1.704353] AppArmor: AppArmor Filesystem Enabled
[    1.723183] pnp: PnP ACPI init
[    1.741248] pnp: PnP ACPI: found 3 devices
[    1.763421] clocksource: acpi_pm: mask: 0xffffff max_cycles: 0xffffff, max_idle_ns: 2085701024 ns
[    1.781092] NET: Registered protocol family 2
[    1.793156] IP idents hash table entries: 16384 (order: 5, 131072 bytes)
[    1.809083] TCP established hash table entries: 8192 (order: 4, 65536 bytes)
[    1.833745] TCP bind hash table entries: 8192 (order: 5, 131072 bytes)
[    1.848439] TCP: Hash tables configured (established 8192 bind 8192)
[    1.860491] UDP hash table entries: 512 (order: 2, 16384 bytes)
[    1.875192] UDP-Lite hash table entries: 512 (order: 2, 16384 bytes)
[    1.894048] NET: Registered protocol family 1
[    1.918751] pci 0000:00:00.0: Limiting direct PCI/PCI transfers
[    1.950203] pci 0000:00:01.0: Activating ISA DMA hang workarounds
[    1.968886] pci 0000:00:02.0: Video device with shadowed ROM at [mem 0x000c0000-0x000dffff]
[    1.995098] Unpacking initramfs...
[    3.285209] Freeing initrd memory: 19528K
[    3.288419] clocksource: tsc: mask: 0xffffffffffffffff max_cycles: 0x396d4ffc055, max_idle_ns: 881590662783 ns
[    3.299102] platform rtc_cmos: registered platform RTC device (no PNP device found)
[    3.303129] Scanning for low memory corruption every 60 seconds
[    3.305952] Initialise system trusted keyrings
[    3.321139] Key type blacklist registered
[    3.329616] workingset: timestamp_bits=36 max_order=18 bucket_order=0
[    3.334979] zbud: loaded
[    3.338058] squashfs: version 4.0 (2009/01/31) Phillip Lougher
[    3.345579] fuse init (API version 7.26)
[    3.353848] Key type asymmetric registered
[    3.355188] Asymmetric key parser 'x509' registered
[    3.357399] Block layer SCSI generic (bsg) driver version 0.4 loaded (major 246)
[    3.361634] io scheduler noop registered
[    3.366321] io scheduler deadline registered
[    3.368916] io scheduler cfq registered (default)
[    3.371822] ACPI: AC Adapter [AC] (on-line)
[    3.373632] input: Power Button as /devices/LNXSYSTM:00/LNXPWRBN:00/input/input0
[    3.383392] ACPI: Power Button [PWRF]
[    3.385804] input: Sleep Button as /devices/LNXSYSTM:00/LNXSLPBN:00/input/input1
[    3.389385] ACPI: Sleep Button [SLPF]
[    3.391347] Serial: 8250/16550 driver, 32 ports, IRQ sharing enabled
[    3.393864] ACPI: Battery Slot [BAT0] (battery present)
[    3.575291] 00:02: ttyS0 at I/O 0x3f8 (irq = 4, base_baud = 115200) is a 16550A
[    3.627652] Linux agpgart interface v0.103
[    3.641743] loop: module loaded
[    3.652531] scsi host0: ata_piix
[    3.670502] scsi host1: ata_piix
[    3.676043] ata1: PATA max UDMA/33 cmd 0x1f0 ctl 0x3f6 bmdma 0xd000 irq 14
[    3.717322] ata2: PATA max UDMA/33 cmd 0x170 ctl 0x376 bmdma 0xd008 irq 15
[    3.806517] tun: Universal TUN/TAP device driver, 1.6
[    3.849289] PPP generic driver version 2.4.2
[    3.851939] ehci_hcd: USB 2.0 'Enhanced' Host Controller (EHCI) Driver
[    3.854587] ehci-pci: EHCI PCI platform driver
[    3.856305] ehci-platform: EHCI generic platform driver
[    3.860595] ohci_hcd: USB 1.1 'Open' Host Controller (OHCI) Driver
[    3.867658] ohci-pci: OHCI PCI platform driver
[    3.869447] ohci-platform: OHCI generic platform driver
[    3.871881] uhci_hcd: USB Universal Host Controller Interface driver
[    3.878906] i8042: PNP: PS/2 Controller [PNP0303:PS2K,PNP0f03:PS2M] at 0x60,0x64 irq 1,12
[    3.903577] serio: i8042 KBD port at 0x60,0x64 irq 1
[    3.908624] serio: i8042 AUX port at 0x60,0x64 irq 12
[    3.910734] mousedev: PS/2 mouse device common for all mice
[    3.917465] input: AT Translated Set 2 keyboard as /devices/platform/i8042/serio0/input/input2
[    3.921058] rtc_cmos rtc_cmos: rtc core: registered rtc_cmos as rtc0
[    3.924542] rtc_cmos rtc_cmos: alarms up to one day, 114 bytes nvram
[    3.926975] i2c /dev entries driver
[    3.928896] device-mapper: uevent: version 1.0.3
[    3.934464] device-mapper: ioctl: 4.37.0-ioctl (2017-09-20) initialised: dm-devel@redhat.com
[    3.943914] ledtrig-cpu: registered to indicate activity on CPUs
[    3.954543] NET: Registered protocol family 10
[    4.009212] Segment Routing with IPv6
[    4.026584] NET: Registered protocol family 17
[    4.046775] Key type dns_resolver registered
[    4.052776] mce: Using 0 MCE banks
[    4.058912] RAS: Correctable Errors collector initialized.
[    4.068708] sched_clock: Marking stable (4068669143, 0)->(7896057035, -3827387892)
[    4.086091] registered taskstats version 1
[    4.093033] Loading compiled-in X.509 certificates
[    4.103252] Loaded X.509 cert 'Build time autogenerated kernel key: 6303a3b02fa1c7713b8a75ba7ba622fabd5dd271'
[    4.134588] Loaded X.509 cert 'Canonical Ltd. Live Patch Signing: 14df34d1a87cf37625abec039ef2bf521249b969'
[    4.192294] Loaded X.509 cert 'Canonical Ltd. Kernel Module Signing: 88f752e560a1e0737e31163a466ad7b70a850c19'
[    4.241380] blacklist: Loading compiled-in revocation X.509 certificates
[    4.369145] Loaded X.509 cert 'Canonical Ltd. Secure Boot Signing: 61482aa2830d0ab2ad5af10b7250da9033ddcef0'
[    4.449959] zswap: loaded using pool lzo/zbud
[    4.507636] Key type big_key registered
[    4.550900] Key type trusted registered
[    4.583398] Key type encrypted registered
[    4.621567] AppArmor: AppArmor sha1 policy hashing enabled
[    4.653624] ima: No TPM chip found, activating TPM-bypass! (rc=-19)
[    4.702746] ima: Allocated hash algorithm: sha1
[    4.741157] evm: HMAC attrs: 0x1
[    4.766178]   Magic number: 10:788:877
[    4.790593] rtc_cmos rtc_cmos: setting system clock to 2022-10-21 08:53:56 UTC (1666342436)
[    4.859057] BIOS EDD facility v0.16 2004-Jun-25, 0 devices found
[    4.908030] EDD information not available.
[    4.976411] Freeing unused kernel image memory: 2472K
[    5.033003] Write protecting the kernel read-only data: 20480k
[    5.077966] Freeing unused kernel image memory: 2008K
[    5.108548] Freeing unused kernel image memory: 1824K
[    5.156501] x86/mm: Checked W+X mappings: passed, no W+X pages found.
[    5.195278] x86/mm: Checking user space page tables
[    5.281157] x86/mm: Checked W+X mappings: passed, no W+X pages found.
Loading, please wait...
starting version 237
[    5.453339] e1000: Intel(R) PRO/1000 Network Driver - version 7.3.21-k8-NAPI
[    5.455113] e1000: Copyright (c) 1999-2006 Intel Corporation.
[    5.463217] Fusion MPT base driver 3.04.20
[    5.464934] Copyright (c) 1999-2008 LSI Corporation
[    5.506085] Fusion MPT SPI Host driver 3.04.20
[    5.510332] AVX2 version of gcm_enc/dec engaged.
[    5.512650] AES CTR mode by8 optimization enabled
[    5.926125] input: ImExPS/2 Generic Explorer Mouse as /devices/platform/i8042/serio1/input/input4
[    6.037624] e1000 0000:00:03.0 eth0: (PCI:33MHz:32-bit) 02:ef:f7:70:2e:71
[    6.039463] e1000 0000:00:03.0 eth0: Intel(R) PRO/1000 Network Connection
[    6.524080] e1000 0000:00:08.0 eth1: (PCI:33MHz:32-bit) 08:00:27:96:ae:59
[    6.572860] e1000 0000:00:08.0 eth1: Intel(R) PRO/1000 Network Connection
[    6.576936] mptbase: ioc0: Initiating bringup
[    6.579281] e1000 0000:00:03.0 enp0s3: renamed from eth0
[    6.601306] e1000 0000:00:08.0 enp0s8: renamed from eth1
[    6.998263] ioc0: LSI53C1030 A0: Capabilities={Initiator}
[    9.864735] scsi host2: ioc0: LSI53C1030 A0, FwRev=00000000h, Ports=1, MaxQ=256, IRQ=20
[   12.221733] scsi 2:0:0:0: Direct-Access     VBOX     HARDDISK         1.0  PQ: 0 ANSI: 5
[   12.521493] scsi target2:0:0: Beginning Domain Validation
[   12.524626] scsi target2:0:0: Domain Validation skipping write tests
[   12.526312] scsi target2:0:0: Ending Domain Validation
[   12.527729] scsi target2:0:0: asynchronous
[   12.529222] scsi 2:0:1:0: Direct-Access     VBOX     HARDDISK         1.0  PQ: 0 ANSI: 5
[   13.599044] scsi target2:0:1: Beginning Domain Validation
[   13.605450] scsi target2:0:1: Domain Validation skipping write tests
[   13.615744] scsi target2:0:1: Ending Domain Validation
[   13.617854] scsi target2:0:1: asynchronous
[   13.625320] sd 2:0:0:0: [sda] 83886080 512-byte logical blocks: (42.9 GB/40.0 GiB)
[   13.634665] sd 2:0:0:0: Attached scsi generic sg0 type 0
[   13.637622] sd 2:0:1:0: [sdb] 20480 512-byte logical blocks: (10.5 MB/10.0 MiB)
[   13.637641] sd 2:0:0:0: [sda] Write Protect is off
[   13.656632] sd 2:0:1:0: Attached scsi generic sg1 type 0
[   13.672341] sd 2:0:1:0: [sdb] Write Protect is off
[   13.688841] sd 2:0:0:0: [sda] Incomplete mode parameter data
[   13.690305] sd 2:0:0:0: [sda] Assuming drive cache: write through
[   13.693554] sd 2:0:1:0: [sdb] Incomplete mode parameter data
[   13.698383] sd 2:0:1:0: [sdb] Assuming drive cache: write through
[   13.705335]  sda: sda1
[   13.708280] sd 2:0:0:0: [sda] Attached SCSI disk
[   13.715516] sd 2:0:1:0: [sdb] Attached SCSI disk
Begin: Loading essential drivers ... [   15.272158] raid6: sse2x1   gen()  6861 MB/s
[   15.320191] raid6: sse2x1   xor()  7047 MB/s
[   15.368182] raid6: sse2x2   gen() 11903 MB/s
[   15.416084] raid6: sse2x2   xor()  8024 MB/s
[   15.464174] raid6: sse2x4   gen() 13522 MB/s
[   15.512153] raid6: sse2x4   xor()  8936 MB/s
[   15.560152] raid6: avx2x1   gen() 19391 MB/s
[   15.608163] raid6: avx2x1   xor() 13166 MB/s
[   15.656147] raid6: avx2x2   gen() 22408 MB/s
[   15.704162] raid6: avx2x2   xor() 13852 MB/s
[   15.765770] raid6: avx2x4   gen() 22818 MB/s
[   15.832578] raid6: avx2x4   xor() 12002 MB/s
[   15.837810] raid6: using algorithm avx2x4 gen() 22818 MB/s
[   15.854883] raid6: .... xor() 12002 MB/s, rmw enabled
[   15.862697] raid6: using avx2x2 recovery algorithm
[   15.915233] xor: automatically using best checksumming function   avx       
[   15.935397] async_tx: api initialized (async)
done.
Begin: Running /scripts/init-premount ... done.
Begin: Mounting root file system ... Begin: Running /scripts/local-top ... done.
Begin: Running /scripts/local-premount ... [   16.059784] Btrfs loaded, crc32c=crc32c-intel
Scanning for Btrfs filesystems
done.
Warning: fsck not present, so skipping root file system
[   16.127018] EXT4-fs (sda1): mounted filesystem with ordered data mode. Opts: (null)
done.
Begin: Running /scripts/local-bottom ... done.
Begin: Running /scripts/init-bottom ... done.
[   16.730272] ip_tables: (C) 2000-2006 Netfilter Core Team
[   16.750817] systemd[1]: systemd 237 running in system mode. (+PAM +AUDIT +SELINUX +IMA +APPARMOR +SMACK +SYSVINIT +UTMP +LIBCRYPTSETUP +GCRYPT +GNUTLS +ACL +XZ +LZ4 +SECCOMP +BLKID +ELFUTILS +KMOD -IDN2 +IDN -PCRE2 default-hierarchy=hybrid)
[   16.763330] systemd[1]: Detected virtualization oracle.
[   16.765994] systemd[1]: Detected architecture x86-64.

Welcome to [1mUbuntu 18.04.6 LTS[0m!

[   16.786055] systemd[1]: Set hostname to <ubuntu-bionic>.
[   17.695100] systemd[1]: Started Forward Password Requests to Wall Directory Watch.
[[0;32m  OK  [0m] Started Forward Password Requests to Wall Directory Watch.
[   17.710617] systemd[1]: Created slice User and Session Slice.
[[0;32m  OK  [0m] Created slice User and Session Slice.
[   17.724576] systemd[1]: Reached target System Time Synchronized.
[[0;32m  OK  [0m] Reached target System Time Synchronized.
[   17.736874] systemd[1]: Reached target Swap.
[[0;32m  OK  [0m] Reached target Swap.
[   17.740060] systemd[1]: Reached target User and Group Name Lookups.
[[0;32m  OK  [0m] Reached target User and Group Name Lookups.
[   17.753167] systemd[1]: Set up automount Arbitrary Executable File Formats File System Automount Point.
[[0;32m  OK  [0m] Set up automount Arbitrary Executab…rmats File System Automount Point.
[[0;32m  OK  [0m] Created slice System Slice.
[[0;32m  OK  [0m] Listening on Device-mapper event daemon FIFOs.
[[0;32m  OK  [0m] Listening on Journal Socket (/dev/log).
[[0;32m  OK  [0m] Created slice system-serial\x2dgetty.slice.
[[0;32m  OK  [0m] Listening on Journal Socket.
         Starting Uncomplicated firewall...
[[0;32m  OK  [0m] Listening on udev Kernel Socket.
[[0;32m  OK  [0m] Listening on Journal Audit Socket.
[[0;32m  OK  [0m] Listening on Syslog Socket.
         Starting Create list of required st…ce nodes for the current kernel...
[[0;32m  OK  [0m] Listening on LVM2 poll daemon socket.
         Starting Journal Service...
         Mounting Kernel Debug File System...
         Starting Set the console keyboard layout...
[[0;32m  OK  [0m] Listening on /dev/initctl Compatibility Named Pipe.
[[0;32m  OK  [0m] Listening on fsck to fsckd communication Socket.
         Starting File System Check on Root Device...
         Starting Load Kernel Modules...
[[0;32m  OK  [0m] Reached target Slices.
[[0;32m  OK  [0m] Listening on Network Service Netlink Socket.
[[0;32m  OK  [0m] Listening on LVM2 metadata daemon socket.
         Starting Monitoring of LVM2 mirrors…ng dmeventd or progress polling...
[[0;32m  OK  [0m] Listening on udev Control Socket.
         Starting udev Coldplug all Devices...
         Mounting Huge Pages File System...
         Mounting POSIX Message Queue File System...
[[0;32m  OK  [0m] Started Journal Service.
[[0;32m  OK  [0m] Started Uncomplicated firewall.
[[0;32m  OK  [0m] Started Create list of required sta…vice nodes for the current kernel.
[[0;32m  OK  [0m] Mounted Kernel Debug File System.
[[0;32m  OK  [0m] Started Set the console keyboard layout.
[[0;32m  OK  [0m] Mounted Huge Pages File System.
[[0;32m  OK  [0m] Mounted POSIX Message Queue File System.
[[0;32m  OK  [0m] Started File System Check on Root Device.
[[0;32m  OK  [0m] Started File System Check Daemon to report status.
[   18.335321] Loading iSCSI transport class v2.0-870.
         Starting Remount Root and Kernel File Systems...
         Starting Create Static Device Nodes in /dev...
[[0;32m  OK  [0m] Started udev Coldplug all Devices.
[   18.725333] EXT4-fs (sda1): re-mounted. Opts: (null)
[[0;32m  OK  [0m] Started LVM2 metadata daemon.
[[0;32m  OK  [0m] Started Remount Root and Kernel File Systems.
         Starting Load/Save Random Seed...
[   18.801122] iscsi: registered transport (tcp)
         Starting Flush Journal to Persistent Storage...
[[0;32m  OK  [0m] Started Create Static Device Nodes in /dev.
[[0;32m  OK  [0m] Started Load/Save Random Seed.
         Starting udev Kernel Device Manager...
[   18.896381] systemd-journald[398]: Received request to flush runtime journal from PID 1
[[0;32m  OK  [0m] Started Monitoring of LVM2 mirrors,…sing dmeventd or progress polling.
[[0;32m  OK  [0m] Reached target Local File Systems (Pre).
[[0;32m  OK  [0m] Reached target Local File Systems.
         Starting Set console font and keymap...
         Starting Tell Plymouth To Write Out Runtime Data...
         Starting AppArmor initialization...
         Starting ebtables ruleset management...
[[0;32m  OK  [0m] Started udev Kernel Device Manager.
[[0;32m  OK  [0m] Started Dispatch Password Requests to Console Directory Watch.
[[0;32m  OK  [0m] Reached target Local Encrypted Volumes.
[[0;32m  OK  [0m] Started Tell Plymouth To Write Out Runtime Data.
[[0;32m  OK  [0m] Started Set console font and keymap.
[[0;32m  OK  [0m] Started Flush Journal to Persistent Storage.
         Starting Create Volatile Files and Directories...
[   19.382402] iscsi: registered transport (iser)
[[0;32m  OK  [0m] Started Load Kernel Modules.
         Mounting FUSE Control File System...
         Mounting Kernel Configuration File System...
         Starting Apply Kernel Variables...
[[0;32m  OK  [0m] Mounted FUSE Control File System.
[[0;32m  OK  [0m] Mounted Kernel Configuration File System.
[[0;32m  OK  [0m] Started ebtables ruleset management.
[[0;32m  OK  [0m] Started Create Volatile Files and Directories.
         Starting Update UTMP about System Boot/Shutdown...
[[0;32m  OK  [0m] Started Apply Kernel Variables.
[[0;32m  OK  [0m] Started Update UTMP about System Boot/Shutdown.
[[0;32m  OK  [0m] Found device /dev/ttyS0.
[[0;32m  OK  [0m] Listening on Load/Save RF Kill Switch Status /dev/rfkill Watch.
[[0;32m  OK  [0m] Started AppArmor initialization.
         Starting Initial cloud-init job (pre-networking)...
         Starting Load AppArmor profiles managed internally by snapd...
[[0;32m  OK  [0m] Started Load AppArmor profiles managed internally by snapd.
[   23.694857] cloud-init[560]: Cloud-init v. 22.3.4-0ubuntu1~18.04.1 running 'init-local' at Fri, 21 Oct 2022 08:54:15 +0000. Up 23.42 seconds.
[[0;32m  OK  [0m] Started Initial cloud-init job (pre-networking).
[[0;32m  OK  [0m] Reached target Network (Pre).
         Starting Network Service...
[[0;32m  OK  [0m] Started Network Service.
         Starting Wait for Network to be Configured...
         Starting Network Name Resolution...
[[0;32m  OK  [0m] Started Network Name Resolution.
[[0;32m  OK  [0m] Reached target Host and Network Name Lookups.
[[0;32m  OK  [0m] Reached target Network.
[[0;32m  OK  [0m] Started Wait for Network to be Configured.
         Starting Initial cloud-init job (metadata service crawler)...
[   27.063713] cloud-init[681]: Cloud-init v. 22.3.4-0ubuntu1~18.04.1 running 'init' at Fri, 21 Oct 2022 08:54:18 +0000. Up 26.78 seconds.
[   27.076316] cloud-init[681]: ci-info: ++++++++++++++++++++++++++++++++++++++Net device info+++++++++++++++++++++++++++++++++++++++
[   27.077510] cloud-init[681]: ci-info: +--------+------+-----------------------------+---------------+--------+-------------------+
[   27.092394] cloud-init[681]: ci-info: | Device |  Up  |           Address           |      Mask     | Scope  |     Hw-Address    |
[   27.093411] cloud-init[681]: ci-info: +--------+------+-----------------------------+---------------+--------+-------------------+
[   27.094455] cloud-init[681]: ci-info: | enp0s3 | True |          10.0.2.15          | 255.255.255.0 | global | 02:ef:f7:70:2e:71 |
[   27.095538] cloud-init[681]: ci-info: | enp0s3 | True |  fe80::ef:f7ff:fe70:2e71/64 |       .       |  link  | 02:ef:f7:70:2e:71 |
[   27.096578] cloud-init[681]: ci-info: | enp0s8 | True |        192.168.56.11        | 255.255.255.0 | global | 08:00:27:96:ae:59 |
[   27.097525] cloud-init[681]: ci-info: | enp0s8 | True | fe80::a00:27ff:fe96:ae59/64 |       .       |  link  | 08:00:27:96:ae:59 |
[   27.098547] cloud-init[681]: ci-info: |   lo   | True |          127.0.0.1          |   255.0.0.0   |  host  |         .         |
[   27.099694] cloud-init[681]: ci-info: |   lo   | True |           ::1/128           |       .       |  host  |         .         |
[   27.112290] cloud-init[681]: ci-info: +--------+------+-----------------------------+---------------+--------+-------------------+
[   27.113394] cloud-init[681]: ci-info: +++++++++++++++++++++++++++++Route IPv4 info+++++++++++++++++++++++++++++
[   27.124271] cloud-init[681]: ci-info: +-------+--------------+----------+-----------------+-----------+-------+
[   27.127006] cloud-init[681]: ci-info: | Route | Destination  | Gateway  |     Genmask     | Interface | Flags |
[   27.136228] cloud-init[681]: ci-info: +-------+--------------+----------+-----------------+-----------+-------+
[   27.137237] cloud-init[681]: ci-info: |   0   |   0.0.0.0    | 10.0.2.2 |     0.0.0.0     |   enp0s3  |   UG  |
[   27.148268] cloud-init[681]: ci-info: |   1   |   10.0.2.0   | 0.0.0.0  |  255.255.255.0  |   enp0s3  |   U   |
[   27.149211] cloud-init[681]: ci-info: |   2   |   10.0.2.2   | 0.0.0.0  | 255.255.255.255 |   enp0s3  |   UH  |
[   27.150258] cloud-init[681]: ci-info: |   3   | 192.168.56.0 | 0.0.0.0  |  255.255.255.0  |   enp0s8  |   U   |
[   27.151289] cloud-init[681]: ci-info: +-------+--------------+----------+-----------------+-----------+-------+
[   27.169682] cloud-init[681]: ci-info: +++++++++++++++++++Route IPv6 info+++++++++++++++++++
[   27.184303] cloud-init[681]: ci-info: +-------+-------------+---------+-----------+-------+
[   27.196541] cloud-init[681]: ci-info: | Route | Destination | Gateway | Interface | Flags |
[   27.197874] cloud-init[681]: ci-info: +-------+-------------+---------+-----------+-------+
[   27.208363] cloud-init[681]: ci-info: |   1   |  fe80::/64  |    ::   |   enp0s8  |   U   |
[   27.209624] cloud-init[681]: ci-info: |   2   |  fe80::/64  |    ::   |   enp0s3  |   U   |
[   27.220702] cloud-init[681]: ci-info: |   4   |    local    |    ::   |   enp0s3  |   U   |
[   27.222338] cloud-init[681]: ci-info: |   5   |    local    |    ::   |   enp0s8  |   U   |
[   27.232693] cloud-init[681]: ci-info: |   6   |   ff00::/8  |    ::   |   enp0s8  |   U   |
[   27.233805] cloud-init[681]: ci-info: |   7   |   ff00::/8  |    ::   |   enp0s3  |   U   |
[   27.244968] cloud-init[681]: ci-info: +-------+-------------+---------+-----------+-------+
[[0;32m  OK  [0m] Started Initial cloud-init job (metadata service crawler).
[[0;32m  OK  [0m] Reached target Cloud-config availability.
[[0;32m  OK  [0m] Reached target Network is Online.
         Starting Availability of block devices...
[[0;32m  OK  [0m] Reached target Remote File Systems (Pre).
         Mounting /vagrant...
[[0;32m  OK  [0m] Reached target System Initialization.
[[0;32m  OK  [0m] Listening on Open-iSCSI iscsid Socket.
         Starting Socket activation for snappy daemon.
[[0;32m  OK  [0m] Listening on ACPID Listen Socket.
[[0;32m  OK  [0m] Started ACPI Events Check.
[[0;32m  OK  [0m] Started Message of the Day.
[[0;32m  OK  [0m] Listening on UUID daemon activation socket.
[[0;32m  OK  [0m] Listening on D-Bus System Message Bus Socket.
         Starting LXD - unix socket.
[[0;32m  OK  [0m] Started Daily Cleanup of Temporary Directories.
[[0;32m  OK  [0m] Started Ubuntu Advantage Timer for running repeated jobs.
[[0;32m  OK  [0m] Started Daily apt download activities.
[[0;32m  OK  [0m] Started Daily apt upgrade and clean activities.
[[0;32m  OK  [0m] Reached target Paths.
[[0;32m  OK  [0m] Started Discard unused blocks once a week.
[[0;32m  OK  [0m] Reached target Timers.
[[0;32m  OK  [0m] Listening on cloud-init hotplug hook socket.
[[0;32m  OK  [0m] Started Availability of block devices.
[[0;32m  OK  [0m] Mounted /vagrant.
[[0;32m  OK  [0m] Listening on Socket activation for snappy daemon.
[[0;32m  OK  [0m] Listening on LXD - unix socket.
[[0;32m  OK  [0m] Reached target Sockets.
[[0;32m  OK  [0m] Reached target Basic System.
         Starting Accounts Service...
         Starting System Logging Service...
[[0;32m  OK  [0m] Started High-performance, schema-free document-oriented database.
[[0;32m  OK  [0m] Started Regular background program processing daemon.
         Starting Message of the Day...
[[0;32m  OK  [0m] Started FUSE filesystem for LXC.
[[0;32m  OK  [0m] Started irqbalance daemon.
[[0;32m  OK  [0m] Started D-Bus System Message Bus.
         Starting LXD - container startup/shutdown...
         Starting Virtualbox guest utils...
         Starting LSB: Record successful boot for GRUB...
         Starting Login Service...
         Starting Dispatcher daemon for systemd-networkd...
[[0;32m  OK  [0m] Started Deferred execution scheduler.
         Starting OpenBSD Secure Shell server...
         Starting Snap Daemon...
[[0;32m  OK  [0m] Reached target Remote File Systems.
         Starting Permit User Sessions...
         Starting LSB: automatic crash report generation...
[[0;32m  OK  [0m] Started System Logging Service.
[[0;32m  OK  [0m] Started Login Service.
[[0;32m  OK  [0m] Started Permit User Sessions.
[[0;32m  OK  [0m] Started OpenBSD Secure Shell server.
         Starting Terminate Plymouth Boot Screen...
         Starting Hold until boot process finishes up...
         Starting Authorization Manager...
[[0;32m  OK  [0m] Started Unattended Upgrades Shutdown.
[[0;32m  OK  [0m] Started Terminate Plymouth Boot Screen.
[[0;32m  OK  [0m] Started Hold until boot process finishes up.
         Starting Set console scheme...
[[0;32m  OK  [0m] Started Serial Getty on ttyS0.
[[0;32m  OK  [0m] Started Authorization Manager.
[[0;32m  OK  [0m] Started Accounts Service.
[[0;32m  OK  [0m] Started Set console scheme.
[[0;32m  OK  [0m] Created slice system-getty.slice.
[[0;32m  OK  [0m] Started Getty on tty1.
[[0;32m  OK  [0m] Reached target Login Prompts.
[[0;32m  OK  [0m] Started LSB: Record successful boot for GRUB.
[[0;32m  OK  [0m] Started LSB: automatic crash report generation.
[[0;32m  OK  [0m] Started Virtualbox guest utils.
[[0;32m  OK  [0m] Started LXD - container startup/shutdown.
[[0;32m  OK  [0m] Created slice User Slice of vagrant.
[[0;32m  OK  [0m] Started Dispatcher daemon for systemd-networkd.
         Starting User Manager for UID 1000...
[[0;32m  OK  [0m] Started Session 1 of user vagrant.
[[0;32m  OK  [0m] Started User Manager for UID 1000.
[[0;32m  OK  [0m] Started Message of the Day.
[[0;32m  OK  [0m] Started Snap Daemon.
         Starting Wait until snapd is fully seeded...
         Starting Time & Date Service...
[[0;32m  OK  [0m] Started Time & Date Service.
[[0;32m  OK  [0m] Started Wait until snapd is fully seeded.
         Starting Apply the settings specified in cloud-config...
[   32.119277] cloud-init[1320]: Cloud-init v. 22.3.4-0ubuntu1~18.04.1 running 'modules:config' at Fri, 21 Oct 2022 08:54:23 +0000. Up 31.86 seconds.
[[0;32m  OK  [0m] Started Apply the settings specified in cloud-config.
[[0;32m  OK  [0m] Reached target Multi-User System.
[[0;32m  OK  [0m] Reached target Graphical Interface.
         Starting Update UTMP about System Runlevel Changes...
         Starting Execute cloud user/final scripts...
[[0;32m  OK  [0m] Started Update UTMP about System Runlevel Changes.
[   33.082714] cloud-init[1456]: Cloud-init v. 22.3.4-0ubuntu1~18.04.1 running 'modules:final' at Fri, 21 Oct 2022 08:54:24 +0000. Up 32.89 seconds.
[   33.103059] cloud-init[1456]: Cloud-init v. 22.3.4-0ubuntu1~18.04.1 finished at Fri, 21 Oct 2022 08:54:24 +0000. Datasource DataSourceNoCloud [seed=/dev/sdb][dsmode=net].  Up 33.06 seconds
[[0;32m  OK  [0m] Started Execute cloud user/final scripts.
[[0;32m  OK  [0m] Reached target Cloud-init target.
         Starting Daily apt download activitie[[0;32m  OK  [0m] Stopped target Host and Network Name Lookups.
[[0;32m  OK  [0m] Stopped target Graphical I
[[0;32m  OK  [0m] Stopped Accounts Service.
[[0;32m  OK  [0m] Stopped System Logging Service.
[[0;32m  OK  [0m] Stopped irqbalance daemon.
[[0;32m  OK  [0m] Stopped OpenBSD Secure Shell server.
[[0;32m  OK  [0m] Stopped Serial Getty on ttyS0.
[[0;32m  OK  [0m] Stopped Getty on tty1.
[[0;32m  OK  [0m] Stopped Authorization Manager.
[[0;32m  OK  [0m] Stopped User Manager for UID 1000.
[[0;32m  OK  [0m] Stopped D-Bus System Message Bus.
[[0;32m  OK  [0m] Stopped FUSE filesystem for LXC.
[[0;32m  OK  [0m] Stopped A high performance web server and a reverse proxy server.
[[0;32m  OK  [0m] Stopped Session 7 of user vagrant.
[[0;32m  OK  [0m] Stopped Availability of block devices.
[[0;32m  OK  [0m] Removed slice User Slice of vagrant.
         Stopping Login Service...
[[0;32m  OK  [0m] Removed slice system-getty.slice.
         Stopping Permit User Sessions...
[[0;32m  OK  [0m] Removed slice system-serial\x2dgetty.slice.
[[0;32m  OK  [0m] Stopped LXD - container startup/shutdown.
[[0;32m  OK  [0m] Stopped LSB: Record successful boot for GRUB.
[[0;32m  OK  [0m] Stopped Virtualbox guest utils.
[[0;32m  OK  [0m] Stopped Permit User Sessions.
[[0;32m  OK  [0m] Stopped Login Service.
[[0;32m  OK  [0m] Stopped target User and Group Name Lookups.
[[0;32m  OK  [0m] Stopped LSB: automatic crash report generation.
[[0;32m  OK  [0m] Stopped target Remote File Systems.
         Unmounting /home/vagrant/app...
[[0;32m  OK  [0m] Stopped target Basic System.
[[0;32m  OK  [0m] Stopped target Sockets.
[[0;32m  OK  [0m] Closed LXD - unix socket.
[[0;32m  OK  [0m] Closed ACPID Listen Socket.
[[0;32m  OK  [0m] Closed Syslog Socket.
[[0;32m  OK  [0m] Closed Open-iSCSI iscsid Socket.
[[0;32m  OK  [0m] Closed UUID daemon activation socket.
[[0;32m  OK  [0m] Closed D-Bus System Message Bus Socket.
[[0;32m  OK  [0m] Closed cloud-init hotplug hook socket.
[[0;32m  OK  [0m] Closed Socket activation for snappy daemon.
[[0;32m  OK  [0m] Stopped target Paths.
[[0;32m  OK  [0m] Stopped ACPI Events Check.
[[0;32m  OK  [0m] Stopped target Slices.
[[0;32m  OK  [0m] Removed slice User and Session Slice.
[[0;32m  OK  [0m] Stopped target System Initialization.
         Stopping Load/Save Random Seed...
         Stopping Update UTMP about System Boot/Shutdown...
[[0;32m  OK  [0m] Stopped target Local Encrypted Volumes.
[[0;32m  OK  [0m] Stopped Forward Password Requests to Wall Directory Watch.
[[0;32m  OK  [0m] Stopped Dispatch Password Requests to Console Directory Watch.
[[0;32m  OK  [0m] Stopped Load/Save Random Seed.
[[0;32m  OK  [0m] Stopped Update UTMP about System Boot/Shutdown.
[[0;32m  OK  [0m] Unmounted /home/vagrant/app.
[[0;32m  OK  [0m] Stopped target Network is Online.
[[0;32m  OK  [0m] Stopped Initial cloud-init job (metadata service crawler).
[[0;32m  OK  [0m] Stopped target Network.
         Stopping Network Name Resolution...
[[0;32m  OK  [0m] Stopped target Remote File Systems (Pre).
[[0;32m  OK  [0m] Stopped Network Name Resolution.
[[0;32m  OK  [0m] Stopped Create Volatile Files and Directories.
[[0;32m  OK  [0m] Stopped target Local File Systems.
         Unmounting /run/user/1000...
         Stopping Network Service...
[[0;32m  OK  [0m] Unmounted /run/user/1000.
[[0;32m  OK  [0m] Reached target Unmount All Filesystems.
[[0;32m  OK  [0m] Stopped target Local File Systems (Pre).
         Stopping Monitoring of LVM2 mirrors…ng dmeventd or progress polling...
[[0;32m  OK  [0m] Stopped Create Static Device Nodes in /dev.
[[0;32m  OK  [0m] Stopped target Swap.
[[0;32m  OK  [0m] Stopped Network Service.
[[0;32m  OK  [0m] Stopped Monitoring of LVM2 mirrors,…sing dmeventd or progress polling.
         Stopping LVM2 metadata daemon...
[[0;32m  OK  [0m] Stopped target Network (Pre).
[[0;32m  OK  [0m] Stopped Initial cloud-init job (pre-networking).
[[0;32m  OK  [0m] Stopped Remount Root and Kernel File Systems.
[[0;32m  OK  [0m] Stopped Apply Kernel Variables.
[[0;32m  OK  [0m] Stopped Load Kernel Modules.
[[0;32m  OK  [0m] Reached target Shutdown.
[[0;32m  OK  [0m] Reached target Final Step.
         Starting Power-Off...
[[0;32m  OK  [0m] Stopped LVM2 metadata daemon.
[16064.526670] reboot: Power down
ket.
[[0;32m  OK  [0m] Closed ACPID Listen Socket.
[[0;32m  OK  [0m] Closed Socket activation for snappy daemon.
[[0;32m  OK  [0m] Closed D-Bus System Message Bus Socket.
[[0;32m  OK  [0m] Stopped target Paths.
[[0;32m  OK  [0m] Stopped ACPI Events Check.
[[0;32m  OK  [0m] Stopped target Slices.
[[0;32m  OK  [0m] Removed slice User and Session Slice.
[[0;32m  OK  [0m] Stopped target System Initialization.
[[0;32m  OK  [0m] Stopped target Local Encrypted Volumes.
[[0;32m  OK  [0m] Stopped Dispatch Password Requests to Console Directory Watch.
[[0;32m  OK  [0m] Stopped Forward Password Requests to Wall Directory Watch.
         Stopping Update UTMP about System Boot/Shutdown...
[[0;32m  OK  [0m] Stopped Initial cloud-init job (metadata service crawler).
         Stopping Load/Save Random Seed...
[[0;32m  OK  [0m] Stopped target User and Group Name Lookups.
[[0;32m  OK  [0m] Stopped Network Name Resolution.
[[0;32m  OK  [0m] Stopped Load/Save Random Seed.
         Stopping Network Service...
[[0;32m  OK  [0m] Stopped Update UTMP about System Boot/Shutdown.
[[0;32m  OK  [0m] Stopped Create Volatile Files and Directories.
[[0;32m  OK  [0m] Stopped target Local File Systems.
         Unmounting /run/user/1000...
[[0;32m  OK  [0m] Stopped Network Service.
[[0;32m  OK  [0m] Unmounted /run/user/1000.
[[0;32m  OK  [0m] Reached target Unmount All Filesystems.
[[0;32m  OK  [0m] Stopped target Swap.
[[0;32m  OK  [0m] Stopped target Local File Systems (Pre).
[[0;32m  OK  [0m] Stopped Create Static Device Nodes in /dev.
         Stopping Monitoring of LVM2 mirrors…ng dmeventd or progress polling...
[[0;32m  OK  [0m] Stopped Apply Kernel Variables.
[[0;32m  OK  [0m] Stopped Load Kernel Modules.
[[0;32m  OK  [0m] Stopped target Network (Pre).
[[0;32m  OK  [0m] Stopped Initial cloud-init job (pre-networking).
[[0;32m  OK  [0m] Stopped Remount Root and Kernel File Systems.
[[0;32m  OK  [0m] Reached target Shutdown.
[[0;32m  OK  [0m] Reached target Final Step.
         Starting Power-Off...
[[0;32m  OK  [0m] Stopped Monitoring of LVM2 mirrors,…sing dmeventd or progress polling.
         Stopping LVM2 metadata daemon...
[[0;32m  OK  [0m] Stopped LVM2 metadata daemon.
[16007.821100] reboot: Power down
